INFO: [VRFC 10-2263] Analyzing Verilog file "D:/CA/CPU/project_cpu/project_cpu.srcs/sources_1/common/block_ram/block_ram.v" into library xil_defaultlib
INFO: [VRFC 10-311] analyzing module dual_port_ram_sync
INFO: [VRFC 10-311] analyzing module single_port_ram_sync
INFO: [VRFC 10-2263] Analyzing Verilog file "D:/CA/CPU/project_cpu/project_cpu.srcs/sources_1/new/cpu.v" into library xil_defaultlib
INFO: [VRFC 10-311] analyzing module cpu
INFO: [VRFC 10-2263] Analyzing Verilog file "D:/CA/CPU/project_cpu/project_cpu.srcs/sources_1/new/ex.v" into library xil_defaultlib
INFO: [VRFC 10-311] analyzing module ex
INFO: [VRFC 10-2263] Analyzing Verilog file "D:/CA/CPU/project_cpu/project_cpu.srcs/sources_1/new/ex_mem.v" into library xil_defaultlib
INFO: [VRFC 10-311] analyzing module ex_mem
INFO: [VRFC 10-2263] Analyzing Verilog file "D:/CA/CPU/project_cpu/project_cpu.srcs/sources_1/common/fifo/fifo.v" into library xil_defaultlib
INFO: [VRFC 10-311] analyzing module fifo
INFO: [VRFC 10-2263] Analyzing Verilog file "D:/CA/CPU/project_cpu/project_cpu.srcs/sources_1/new/hci.v" into library xil_defaultlib
INFO: [VRFC 10-311] analyzing module hci
INFO: [VRFC 10-2263] Analyzing Verilog file "D:/CA/CPU/project_cpu/project_cpu.srcs/sources_1/new/id.v" into library xil_defaultlib
INFO: [VRFC 10-311] analyzing module id
INFO: [VRFC 10-2263] Analyzing Verilog file "D:/CA/CPU/project_cpu/project_cpu.srcs/sources_1/new/id_ex.v" into library xil_defaultlib
INFO: [VRFC 10-311] analyzing module id_ex
INFO: [VRFC 10-2263] Analyzing Verilog file "D:/CA/CPU/project_cpu/project_cpu.srcs/sources_1/new/if_id.v" into library xil_defaultlib
INFO: [VRFC 10-311] analyzing module if_id
INFO: [VRFC 10-2263] Analyzing Verilog file "D:/CA/CPU/project_cpu/project_cpu.srcs/sources_1/new/mem.v" into library xil_defaultlib
INFO: [VRFC 10-311] analyzing module mem
INFO: [VRFC 10-2263] Analyzing Verilog file "D:/CA/CPU/project_cpu/project_cpu.srcs/sources_1/new/mem_wb.v" into library xil_defaultlib
INFO: [VRFC 10-311] analyzing module mem_wb
INFO: [VRFC 10-2263] Analyzing Verilog file "D:/CA/CPU/project_cpu/project_cpu.srcs/sources_1/new/pc_reg.v" into library xil_defaultlib
INFO: [VRFC 10-311] analyzing module pc_reg
INFO: [VRFC 10-2263] Analyzing Verilog file "D:/CA/CPU/project_cpu/project_cpu.srcs/sources_1/new/ram.v" into library xil_defaultlib
INFO: [VRFC 10-311] analyzing module ram
INFO: [VRFC 10-2263] Analyzing Verilog file "D:/CA/CPU/project_cpu/project_cpu.srcs/sources_1/new/regfile.v" into library xil_defaultlib
INFO: [VRFC 10-311] analyzing module regfile
INFO: [VRFC 10-2263] Analyzing Verilog file "D:/CA/CPU/project_cpu/project_cpu.srcs/sources_1/new/riscv_top.v" into library xil_defaultlib
INFO: [VRFC 10-311] analyzing module riscv_top
INFO: [VRFC 10-2263] Analyzing Verilog file "D:/CA/CPU/project_cpu/project_cpu.srcs/sources_1/common/uart/uart.v" into library xil_defaultlib
INFO: [VRFC 10-311] analyzing module uart
INFO: [VRFC 10-2263] Analyzing Verilog file "D:/CA/CPU/project_cpu/project_cpu.srcs/sources_1/common/uart/uart_baud_clk.v" into library xil_defaultlib
INFO: [VRFC 10-311] analyzing module uart_baud_clk
INFO: [VRFC 10-2263] Analyzing Verilog file "D:/CA/CPU/project_cpu/project_cpu.srcs/sources_1/common/uart/uart_rx.v" into library xil_defaultlib
INFO: [VRFC 10-311] analyzing module uart_rx
INFO: [VRFC 10-2263] Analyzing Verilog file "D:/CA/CPU/project_cpu/project_cpu.srcs/sources_1/common/uart/uart_tx.v" into library xil_defaultlib
INFO: [VRFC 10-311] analyzing module uart_tx
INFO: [VRFC 10-2263] Analyzing Verilog file "D:/CA/CPU/project_cpu/project_cpu.sim/sim_1/testbench.v" into library xil_defaultlib
INFO: [VRFC 10-311] analyzing module testbench
